Start testing: Mar 05 17:25 MST
----------------------------------------------------------
1/7 Testing: TensorTest.Creation
1/7 Test: TensorTest.Creation
Command: "/Users/jasonmiller/Downloads/Repos/Mini-PyTorch/mini_pytorch/build/tests/tensor_tests" "--gtest_filter=TensorTest.Creation" "--gtest_also_run_disabled_tests"
Directory: /Users/jasonmiller/Downloads/Repos/Mini-PyTorch/mini_pytorch/build/tests
"TensorTest.Creation" start time: Mar 05 17:25 MST
Output:
----------------------------------------------------------
Running main() from /Users/jasonmiller/Downloads/Repos/Mini-PyTorch/mini_pytorch/build/_deps/googletest-src/googletest/src/gtest_main.cc
Note: Google Test filter = TensorTest.Creation
[==========] Running 1 test from 1 test suite.
[----------] Global test environment set-up.
[----------] 1 test from TensorTest
[ RUN      ] TensorTest.Creation
[       OK ] TensorTest.Creation (0 ms)
[----------] 1 test from TensorTest (0 ms total)

[----------] Global test environment tear-down
[==========] 1 test from 1 test suite ran. (0 ms total)
[  PASSED  ] 1 test.
<end of output>
Test time =   0.01 sec
----------------------------------------------------------
Test Passed.
"TensorTest.Creation" end time: Mar 05 17:25 MST
"TensorTest.Creation" time elapsed: 00:00:00
----------------------------------------------------------

2/7 Testing: TensorTest.ShapeAsString
2/7 Test: TensorTest.ShapeAsString
Command: "/Users/jasonmiller/Downloads/Repos/Mini-PyTorch/mini_pytorch/build/tests/tensor_tests" "--gtest_filter=TensorTest.ShapeAsString" "--gtest_also_run_disabled_tests"
Directory: /Users/jasonmiller/Downloads/Repos/Mini-PyTorch/mini_pytorch/build/tests
"TensorTest.ShapeAsString" start time: Mar 05 17:25 MST
Output:
----------------------------------------------------------
Running main() from /Users/jasonmiller/Downloads/Repos/Mini-PyTorch/mini_pytorch/build/_deps/googletest-src/googletest/src/gtest_main.cc
Note: Google Test filter = TensorTest.ShapeAsString
[==========] Running 1 test from 1 test suite.
[----------] Global test environment set-up.
[----------] 1 test from TensorTest
[ RUN      ] TensorTest.ShapeAsString
[       OK ] TensorTest.ShapeAsString (0 ms)
[----------] 1 test from TensorTest (0 ms total)

[----------] Global test environment tear-down
[==========] 1 test from 1 test suite ran. (0 ms total)
[  PASSED  ] 1 test.
<end of output>
Test time =   0.01 sec
----------------------------------------------------------
Test Passed.
"TensorTest.ShapeAsString" end time: Mar 05 17:25 MST
"TensorTest.ShapeAsString" time elapsed: 00:00:00
----------------------------------------------------------

3/7 Testing: TensorTest.Addition
3/7 Test: TensorTest.Addition
Command: "/Users/jasonmiller/Downloads/Repos/Mini-PyTorch/mini_pytorch/build/tests/tensor_tests" "--gtest_filter=TensorTest.Addition" "--gtest_also_run_disabled_tests"
Directory: /Users/jasonmiller/Downloads/Repos/Mini-PyTorch/mini_pytorch/build/tests
"TensorTest.Addition" start time: Mar 05 17:25 MST
Output:
----------------------------------------------------------
Running main() from /Users/jasonmiller/Downloads/Repos/Mini-PyTorch/mini_pytorch/build/_deps/googletest-src/googletest/src/gtest_main.cc
Note: Google Test filter = TensorTest.Addition
[==========] Running 1 test from 1 test suite.
[----------] Global test environment set-up.
[----------] 1 test from TensorTest
[ RUN      ] TensorTest.Addition
[       OK ] TensorTest.Addition (0 ms)
[----------] 1 test from TensorTest (0 ms total)

[----------] Global test environment tear-down
[==========] 1 test from 1 test suite ran. (0 ms total)
[  PASSED  ] 1 test.
<end of output>
Test time =   0.01 sec
----------------------------------------------------------
Test Passed.
"TensorTest.Addition" end time: Mar 05 17:25 MST
"TensorTest.Addition" time elapsed: 00:00:00
----------------------------------------------------------

4/7 Testing: TensorTest.Subtraction
4/7 Test: TensorTest.Subtraction
Command: "/Users/jasonmiller/Downloads/Repos/Mini-PyTorch/mini_pytorch/build/tests/tensor_tests" "--gtest_filter=TensorTest.Subtraction" "--gtest_also_run_disabled_tests"
Directory: /Users/jasonmiller/Downloads/Repos/Mini-PyTorch/mini_pytorch/build/tests
"TensorTest.Subtraction" start time: Mar 05 17:25 MST
Output:
----------------------------------------------------------
Running main() from /Users/jasonmiller/Downloads/Repos/Mini-PyTorch/mini_pytorch/build/_deps/googletest-src/googletest/src/gtest_main.cc
Note: Google Test filter = TensorTest.Subtraction
[==========] Running 1 test from 1 test suite.
[----------] Global test environment set-up.
[----------] 1 test from TensorTest
[ RUN      ] TensorTest.Subtraction
[       OK ] TensorTest.Subtraction (0 ms)
[----------] 1 test from TensorTest (0 ms total)

[----------] Global test environment tear-down
[==========] 1 test from 1 test suite ran. (0 ms total)
[  PASSED  ] 1 test.
<end of output>
Test time =   0.01 sec
----------------------------------------------------------
Test Passed.
"TensorTest.Subtraction" end time: Mar 05 17:25 MST
"TensorTest.Subtraction" time elapsed: 00:00:00
----------------------------------------------------------

5/7 Testing: TensorTest.Multiplication
5/7 Test: TensorTest.Multiplication
Command: "/Users/jasonmiller/Downloads/Repos/Mini-PyTorch/mini_pytorch/build/tests/tensor_tests" "--gtest_filter=TensorTest.Multiplication" "--gtest_also_run_disabled_tests"
Directory: /Users/jasonmiller/Downloads/Repos/Mini-PyTorch/mini_pytorch/build/tests
"TensorTest.Multiplication" start time: Mar 05 17:25 MST
Output:
----------------------------------------------------------
Running main() from /Users/jasonmiller/Downloads/Repos/Mini-PyTorch/mini_pytorch/build/_deps/googletest-src/googletest/src/gtest_main.cc
Note: Google Test filter = TensorTest.Multiplication
[==========] Running 1 test from 1 test suite.
[----------] Global test environment set-up.
[----------] 1 test from TensorTest
[ RUN      ] TensorTest.Multiplication
[       OK ] TensorTest.Multiplication (0 ms)
[----------] 1 test from TensorTest (0 ms total)

[----------] Global test environment tear-down
[==========] 1 test from 1 test suite ran. (0 ms total)
[  PASSED  ] 1 test.
<end of output>
Test time =   0.01 sec
----------------------------------------------------------
Test Passed.
"TensorTest.Multiplication" end time: Mar 05 17:25 MST
"TensorTest.Multiplication" time elapsed: 00:00:00
----------------------------------------------------------

6/7 Testing: TensorTest.Division
6/7 Test: TensorTest.Division
Command: "/Users/jasonmiller/Downloads/Repos/Mini-PyTorch/mini_pytorch/build/tests/tensor_tests" "--gtest_filter=TensorTest.Division" "--gtest_also_run_disabled_tests"
Directory: /Users/jasonmiller/Downloads/Repos/Mini-PyTorch/mini_pytorch/build/tests
"TensorTest.Division" start time: Mar 05 17:25 MST
Output:
----------------------------------------------------------
Running main() from /Users/jasonmiller/Downloads/Repos/Mini-PyTorch/mini_pytorch/build/_deps/googletest-src/googletest/src/gtest_main.cc
Note: Google Test filter = TensorTest.Division
[==========] Running 1 test from 1 test suite.
[----------] Global test environment set-up.
[----------] 1 test from TensorTest
[ RUN      ] TensorTest.Division
unknown file: Failure
C++ exception with description "Shape mismatch: [3] cannot be added to [2]" thrown in the test body.
[  FAILED  ] TensorTest.Division (0 ms)
[----------] 1 test from TensorTest (0 ms total)

[----------] Global test environment tear-down
[==========] 1 test from 1 test suite ran. (0 ms total)
[  PASSED  ] 0 tests.
[  FAILED  ] 1 test, listed below:
[  FAILED  ] TensorTest.Division

 1 FAILED TEST
<end of output>
Test time =   0.01 sec
----------------------------------------------------------
Test Failed.
"TensorTest.Division" end time: Mar 05 17:25 MST
"TensorTest.Division" time elapsed: 00:00:00
----------------------------------------------------------

7/7 Testing: TensorTest.ShapeMismatchError
7/7 Test: TensorTest.ShapeMismatchError
Command: "/Users/jasonmiller/Downloads/Repos/Mini-PyTorch/mini_pytorch/build/tests/tensor_tests" "--gtest_filter=TensorTest.ShapeMismatchError" "--gtest_also_run_disabled_tests"
Directory: /Users/jasonmiller/Downloads/Repos/Mini-PyTorch/mini_pytorch/build/tests
"TensorTest.ShapeMismatchError" start time: Mar 05 17:25 MST
Output:
----------------------------------------------------------
Running main() from /Users/jasonmiller/Downloads/Repos/Mini-PyTorch/mini_pytorch/build/_deps/googletest-src/googletest/src/gtest_main.cc
Note: Google Test filter = TensorTest.ShapeMismatchError
[==========] Running 1 test from 1 test suite.
[----------] Global test environment set-up.
[----------] 1 test from TensorTest
[ RUN      ] TensorTest.ShapeMismatchError
[       OK ] TensorTest.ShapeMismatchError (0 ms)
[----------] 1 test from TensorTest (0 ms total)

[----------] Global test environment tear-down
[==========] 1 test from 1 test suite ran. (0 ms total)
[  PASSED  ] 1 test.
<end of output>
Test time =   0.01 sec
----------------------------------------------------------
Test Passed.
"TensorTest.ShapeMismatchError" end time: Mar 05 17:25 MST
"TensorTest.ShapeMismatchError" time elapsed: 00:00:00
----------------------------------------------------------

End testing: Mar 05 17:25 MST
